This file contains any messages produced by compilers while
running configure, to aid debugging if configure makes a mistake.

It was created by FULL-PACKAGE-NAME configure VERSION, which was
generated by GNU Autoconf 2.69.  Invocation command line was

  $ ./configure 

## --------- ##
## Platform. ##
## --------- ##

hostname = shanks-Inspiron-3542
uname -m = x86_64
uname -r = 4.4.0-59-generic
uname -s = Linux
uname -v = #80~14.04.1-Ubuntu SMP Fri Jan 6 18:02:02 UTC 2017

/usr/bin/uname -p = unknown
/bin/uname -X     = unknown

/bin/arch              = unknown
/usr/bin/arch -k       = unknown
/usr/convex/getsysinfo = unknown
/usr/bin/hostinfo      = unknown
/bin/machine           = unknown
/usr/bin/oslevel       = unknown
/bin/universe          = unknown

PATH: /usr/local/sbin
PATH: /usr/local/bin
PATH: /usr/sbin
PATH: /usr/bin
PATH: /sbin
PATH: /bin
PATH: /usr/games
PATH: /usr/local/games
PATH: /usr/lib/jvm/java-8-oracle/bin
PATH: /usr/lib/jvm/java-8-oracle/db/bin
PATH: /usr/lib/jvm/java-8-oracle/jre/bin


## ----------- ##
## Core tests. ##
## ----------- ##

configure:2140: checking for gcc
configure:2156: found /usr/local/bin/gcc
configure:2167: result: gcc
configure:2396: checking for C compiler version
configure:2405: gcc --version >&5
gcc (GCC) 5.4.0
Copyright (C) 2015 Free Software Foundation, Inc.
This is free software; see the source for copying conditions.  There is NO
warranty; not even for MERCHANTABILITY or FITNESS FOR A PARTICULAR PURPOSE.

configure:2416: $? = 0
configure:2405: gcc -v >&5
Using built-in specs.
COLLECT_GCC=gcc
COLLECT_LTO_WRAPPER=/usr/local/libexec/gcc/x86_64-unknown-linux-gnu/5.4.0/lto-wrapper
Target: x86_64-unknown-linux-gnu
Configured with: ./configure --disable-multilib
Thread model: posix
gcc version 5.4.0 (GCC) 
configure:2416: $? = 0
configure:2405: gcc -V >&5
gcc: error: unrecognized command line option '-V'
gcc: fatal error: no input files
compilation terminated.
configure:2416: $? = 1
configure:2405: gcc -qversion >&5
gcc: error: unrecognized command line option '-qversion'
gcc: fatal error: no input files
compilation terminated.
configure:2416: $? = 1
configure:2436: checking whether the C compiler works
configure:2458: gcc    conftest.c  >&5
configure:2462: $? = 0
configure:2510: result: yes
configure:2513: checking for C compiler default output file name
configure:2515: result: a.out
configure:2521: checking for suffix of executables
configure:2528: gcc -o conftest    conftest.c  >&5
configure:2532: $? = 0
configure:2554: result: 
configure:2576: checking whether we are cross compiling
configure:2584: gcc -o conftest    conftest.c  >&5
configure:2588: $? = 0
configure:2595: ./conftest
configure:2599: $? = 0
configure:2614: result: no
configure:2619: checking for suffix of object files
configure:2641: gcc -c   conftest.c >&5
configure:2645: $? = 0
configure:2666: result: o
configure:2670: checking whether we are using the GNU C compiler
configure:2689: gcc -c   conftest.c >&5
configure:2689: $? = 0
configure:2698: result: yes
configure:2707: checking whether gcc accepts -g
configure:2727: gcc -c -g  conftest.c >&5
configure:2727: $? = 0
configure:2768: result: yes
configure:2785: checking for gcc option to accept ISO C89
configure:2848: gcc  -c -g -O2  conftest.c >&5
configure:2848: $? = 0
configure:2861: result: none needed
configure:2891: checking how to run the C preprocessor
configure:2922: gcc -E  conftest.c
configure:2922: $? = 0
configure:2936: gcc -E  conftest.c
conftest.c:9:28: fatal error: ac_nonexistent.h: No such file or directory
compilation terminated.
configure:2936: $? = 1
configure: failed program was:
| /* confdefs.h */
| #define PACKAGE_NAME "FULL-PACKAGE-NAME"
| #define PACKAGE_TARNAME "full-package-name"
| #define PACKAGE_VERSION "VERSION"
| #define PACKAGE_STRING "FULL-PACKAGE-NAME VERSION"
| #define PACKAGE_BUGREPORT "BUG-REPORT-ADDRESS"
| #define PACKAGE_URL ""
| /* end confdefs.h.  */
| #include <ac_nonexistent.h>
configure:2961: result: gcc -E
configure:2981: gcc -E  conftest.c
configure:2981: $? = 0
configure:2995: gcc -E  conftest.c
conftest.c:9:28: fatal error: ac_nonexistent.h: No such file or directory
compilation terminated.
configure:2995: $? = 1
configure: failed program was:
| /* confdefs.h */
| #define PACKAGE_NAME "FULL-PACKAGE-NAME"
| #define PACKAGE_TARNAME "full-package-name"
| #define PACKAGE_VERSION "VERSION"
| #define PACKAGE_STRING "FULL-PACKAGE-NAME VERSION"
| #define PACKAGE_BUGREPORT "BUG-REPORT-ADDRESS"
| #define PACKAGE_URL ""
| /* end confdefs.h.  */
| #include <ac_nonexistent.h>
configure:3024: checking for grep that handles long lines and -e
configure:3082: result: /bin/grep
configure:3087: checking for egrep
configure:3149: result: /bin/grep -E
configure:3154: checking for ANSI C header files
configure:3174: gcc -c -g -O2  conftest.c >&5
configure:3174: $? = 0
configure:3247: gcc -o conftest -g -O2   conftest.c  >&5
configure:3247: $? = 0
configure:3247: ./conftest
configure:3247: $? = 0
configure:3258: result: yes
configure:3271: checking for sys/types.h
configure:3271: gcc -c -g -O2  conftest.c >&5
configure:3271: $? = 0
configure:3271: result: yes
configure:3271: checking for sys/stat.h
configure:3271: gcc -c -g -O2  conftest.c >&5
configure:3271: $? = 0
configure:3271: result: yes
configure:3271: checking for stdlib.h
configure:3271: gcc -c -g -O2  conftest.c >&5
configure:3271: $? = 0
configure:3271: result: yes
configure:3271: checking for string.h
configure:3271: gcc -c -g -O2  conftest.c >&5
configure:3271: $? = 0
configure:3271: result: yes
configure:3271: checking for memory.h
configure:3271: gcc -c -g -O2  conftest.c >&5
configure:3271: $? = 0
configure:3271: result: yes
configure:3271: checking for strings.h
configure:3271: gcc -c -g -O2  conftest.c >&5
configure:3271: $? = 0
configure:3271: result: yes
configure:3271: checking for inttypes.h
configure:3271: gcc -c -g -O2  conftest.c >&5
configure:3271: $? = 0
configure:3271: result: yes
configure:3271: checking for stdint.h
configure:3271: gcc -c -g -O2  conftest.c >&5
configure:3271: $? = 0
configure:3271: result: yes
configure:3271: checking for unistd.h
configure:3271: gcc -c -g -O2  conftest.c >&5
configure:3271: $? = 0
configure:3271: result: yes
configure:3286: checking arpa/inet.h usability
configure:3286: gcc -c -g -O2  conftest.c >&5
configure:3286: $? = 0
configure:3286: result: yes
configure:3286: checking arpa/inet.h presence
configure:3286: gcc -E  conftest.c
configure:3286: $? = 0
configure:3286: result: yes
configure:3286: checking for arpa/inet.h
configure:3286: result: yes
configure:3286: checking fcntl.h usability
configure:3286: gcc -c -g -O2  conftest.c >&5
configure:3286: $? = 0
configure:3286: result: yes
configure:3286: checking fcntl.h presence
configure:3286: gcc -E  conftest.c
configure:3286: $? = 0
configure:3286: result: yes
configure:3286: checking for fcntl.h
configure:3286: result: yes
configure:3286: checking netinet/in.h usability
configure:3286: gcc -c -g -O2  conftest.c >&5
configure:3286: $? = 0
configure:3286: result: yes
configure:3286: checking netinet/in.h presence
configure:3286: gcc -E  conftest.c
configure:3286: $? = 0
configure:3286: result: yes
configure:3286: checking for netinet/in.h
configure:3286: result: yes
configure:3286: checking for stdlib.h
configure:3286: result: yes
configure:3286: checking for string.h
configure:3286: result: yes
configure:3286: checking sys/socket.h usability
configure:3286: gcc -c -g -O2  conftest.c >&5
configure:3286: $? = 0
configure:3286: result: yes
configure:3286: checking sys/socket.h presence
configure:3286: gcc -E  conftest.c
configure:3286: $? = 0
configure:3286: result: yes
configure:3286: checking for sys/socket.h
configure:3286: result: yes
configure:3286: checking for unistd.h
configure:3286: result: yes
configure:3303: checking for memset
configure:3303: gcc -o conftest -g -O2   conftest.c  >&5
conftest.c:49:6: warning: conflicting types for built-in function 'memset'
 char memset ();
      ^
configure:3303: $? = 0
configure:3303: result: yes
configure:3303: checking for socket
configure:3303: gcc -o conftest -g -O2   conftest.c  >&5
configure:3303: $? = 0
configure:3303: result: yes
configure:3429: creating ./config.status

## ---------------------- ##
## Running config.status. ##
## ---------------------- ##

This file was extended by FULL-PACKAGE-NAME config.status VERSION, which was
generated by GNU Autoconf 2.69.  Invocation command line was

  CONFIG_FILES    = 
  CONFIG_HEADERS  = 
  CONFIG_LINKS    = 
  CONFIG_COMMANDS = 
  $ ./config.status 

on shanks-Inspiron-3542

config.status:806: creating Makefile
config.status:792: error: cannot find input file: `config.h.in'

## ---------------- ##
## Cache variables. ##
## ---------------- ##

ac_cv_c_compiler_gnu=yes
ac_cv_env_CC_set=
ac_cv_env_CC_value=
ac_cv_env_CFLAGS_set=
ac_cv_env_CFLAGS_value=
ac_cv_env_CPPFLAGS_set=
ac_cv_env_CPPFLAGS_value=
ac_cv_env_CPP_set=
ac_cv_env_CPP_value=
ac_cv_env_LDFLAGS_set=
ac_cv_env_LDFLAGS_value=
ac_cv_env_LIBS_set=
ac_cv_env_LIBS_value=
ac_cv_env_build_alias_set=
ac_cv_env_build_alias_value=
ac_cv_env_host_alias_set=
ac_cv_env_host_alias_value=
ac_cv_env_target_alias_set=
ac_cv_env_target_alias_value=
ac_cv_func_memset=yes
ac_cv_func_socket=yes
ac_cv_header_arpa_inet_h=yes
ac_cv_header_fcntl_h=yes
ac_cv_header_inttypes_h=yes
ac_cv_header_memory_h=yes
ac_cv_header_netinet_in_h=yes
ac_cv_header_stdc=yes
ac_cv_header_stdint_h=yes
ac_cv_header_stdlib_h=yes
ac_cv_header_string_h=yes
ac_cv_header_strings_h=yes
ac_cv_header_sys_socket_h=yes
ac_cv_header_sys_stat_h=yes
ac_cv_header_sys_types_h=yes
ac_cv_header_unistd_h=yes
ac_cv_objext=o
ac_cv_path_EGREP='/bin/grep -E'
ac_cv_path_GREP=/bin/grep
ac_cv_prog_CPP='gcc -E'
ac_cv_prog_ac_ct_CC=gcc
ac_cv_prog_cc_c89=
ac_cv_prog_cc_g=yes

## ----------------- ##
## Output variables. ##
## ----------------- ##

CC='gcc'
CFLAGS='-g -O2'
CPP='gcc -E'
CPPFLAGS=''
DEFS='-DHAVE_CONFIG_H'
ECHO_C=''
ECHO_N='-n'
ECHO_T=''
EGREP='/bin/grep -E'
EXEEXT=''
GREP='/bin/grep'
LDFLAGS=''
LIBOBJS=''
LIBS=''
LTLIBOBJS=''
OBJEXT='o'
PACKAGE_BUGREPORT='BUG-REPORT-ADDRESS'
PACKAGE_NAME='FULL-PACKAGE-NAME'
PACKAGE_STRING='FULL-PACKAGE-NAME VERSION'
PACKAGE_TARNAME='full-package-name'
PACKAGE_URL=''
PACKAGE_VERSION='VERSION'
PATH_SEPARATOR=':'
SHELL='/bin/bash'
ac_ct_CC='gcc'
bindir='${exec_prefix}/bin'
build_alias=''
datadir='${datarootdir}'
datarootdir='${prefix}/share'
docdir='${datarootdir}/doc/${PACKAGE_TARNAME}'
dvidir='${docdir}'
exec_prefix='${prefix}'
host_alias=''
htmldir='${docdir}'
includedir='${prefix}/include'
infodir='${datarootdir}/info'
libdir='${exec_prefix}/lib'
libexecdir='${exec_prefix}/libexec'
localedir='${datarootdir}/locale'
localstatedir='${prefix}/var'
mandir='${datarootdir}/man'
oldincludedir='/usr/include'
pdfdir='${docdir}'
prefix='/usr/local'
program_transform_name='s,x,x,'
psdir='${docdir}'
sbindir='${exec_prefix}/sbin'
sharedstatedir='${prefix}/com'
sysconfdir='${prefix}/etc'
target_alias=''

## ----------- ##
## confdefs.h. ##
## ----------- ##

/* confdefs.h */
#define PACKAGE_NAME "FULL-PACKAGE-NAME"
#define PACKAGE_TARNAME "full-package-name"
#define PACKAGE_VERSION "VERSION"
#define PACKAGE_STRING "FULL-PACKAGE-NAME VERSION"
#define PACKAGE_BUGREPORT "BUG-REPORT-ADDRESS"
#define PACKAGE_URL ""
#define STDC_HEADERS 1
#define HAVE_SYS_TYPES_H 1
#define HAVE_SYS_STAT_H 1
#define HAVE_STDLIB_H 1
#define HAVE_STRING_H 1
#define HAVE_MEMORY_H 1
#define HAVE_STRINGS_H 1
#define HAVE_INTTYPES_H 1
#define HAVE_STDINT_H 1
#define HAVE_UNISTD_H 1
#define HAVE_ARPA_INET_H 1
#define HAVE_FCNTL_H 1
#define HAVE_NETINET_IN_H 1
#define HAVE_STDLIB_H 1
#define HAVE_STRING_H 1
#define HAVE_SYS_SOCKET_H 1
#define HAVE_UNISTD_H 1
#define HAVE_MEMSET 1
#define HAVE_SOCKET 1

configure: exit 1
